<?xml version="1.0" encoding="UTF-8"?>
<testsuite xmlns:xsi="http://www.w3.org/2001/XMLSchema-instance" xsi:noNamespaceSchemaLocation="https://maven.apache.org/surefire/maven-surefire-plugin/xsd/surefire-test-report-3.0.xsd" version="3.0" name="lukan.paymentforecast.TestsWorkDay" time="0.072" tests="40" errors="0" skipped="0" failures="0">
  <properties>
    <property name="java.specification.version" value="21"/>
    <property name="sun.cpu.isalist" value="amd64"/>
    <property name="sun.jnu.encoding" value="Cp1252"/>
    <property name="java.class.path" value="C:\Users\lukas\Documents\Projects\PaymentForecast\target\test-classes;C:\Users\lukas\Documents\Projects\PaymentForecast\target\classes;C:\Users\lukas\.m2\repository\org\junit\jupiter\junit-jupiter\5.10.2\junit-jupiter-5.10.2.jar;C:\Users\lukas\.m2\repository\org\junit\jupiter\junit-jupiter-api\5.10.2\junit-jupiter-api-5.10.2.jar;C:\Users\lukas\.m2\repository\org\opentest4j\opentest4j\1.3.0\opentest4j-1.3.0.jar;C:\Users\lukas\.m2\repository\org\junit\platform\junit-platform-commons\1.10.2\junit-platform-commons-1.10.2.jar;C:\Users\lukas\.m2\repository\org\apiguardian\apiguardian-api\1.1.2\apiguardian-api-1.1.2.jar;C:\Users\lukas\.m2\repository\org\junit\jupiter\junit-jupiter-params\5.10.2\junit-jupiter-params-5.10.2.jar;C:\Users\lukas\.m2\repository\org\junit\jupiter\junit-jupiter-engine\5.10.2\junit-jupiter-engine-5.10.2.jar;C:\Users\lukas\.m2\repository\org\junit\platform\junit-platform-engine\1.10.2\junit-platform-engine-1.10.2.jar;"/>
    <property name="java.vm.vendor" value="Oracle Corporation"/>
    <property name="sun.arch.data.model" value="64"/>
    <property name="user.variant" value=""/>
    <property name="java.vendor.url" value="https://java.oracle.com/"/>
    <property name="user.timezone" value="Europe/Copenhagen"/>
    <property name="user.country.format" value="DK"/>
    <property name="os.name" value="Windows 11"/>
    <property name="java.vm.specification.version" value="21"/>
    <property name="sun.java.launcher" value="SUN_STANDARD"/>
    <property name="user.country" value="US"/>
    <property name="sun.boot.library.path" value="C:\Program Files\Java\jdk-21\bin"/>
    <property name="sun.java.command" value="C:\Users\lukas\AppData\Local\Temp\surefire15729490123343967778\surefirebooter-20240426003128401_3.jar C:\Users\lukas\AppData\Local\Temp\surefire15729490123343967778 2024-04-26T00-31-28_216-jvmRun1 surefire-20240426003128401_1tmp surefire_0-20240426003128401_2tmp"/>
    <property name="jdk.debug" value="release"/>
    <property name="surefire.test.class.path" value="C:\Users\lukas\Documents\Projects\PaymentForecast\target\test-classes;C:\Users\lukas\Documents\Projects\PaymentForecast\target\classes;C:\Users\lukas\.m2\repository\org\junit\jupiter\junit-jupiter\5.10.2\junit-jupiter-5.10.2.jar;C:\Users\lukas\.m2\repository\org\junit\jupiter\junit-jupiter-api\5.10.2\junit-jupiter-api-5.10.2.jar;C:\Users\lukas\.m2\repository\org\opentest4j\opentest4j\1.3.0\opentest4j-1.3.0.jar;C:\Users\lukas\.m2\repository\org\junit\platform\junit-platform-commons\1.10.2\junit-platform-commons-1.10.2.jar;C:\Users\lukas\.m2\repository\org\apiguardian\apiguardian-api\1.1.2\apiguardian-api-1.1.2.jar;C:\Users\lukas\.m2\repository\org\junit\jupiter\junit-jupiter-params\5.10.2\junit-jupiter-params-5.10.2.jar;C:\Users\lukas\.m2\repository\org\junit\jupiter\junit-jupiter-engine\5.10.2\junit-jupiter-engine-5.10.2.jar;C:\Users\lukas\.m2\repository\org\junit\platform\junit-platform-engine\1.10.2\junit-platform-engine-1.10.2.jar;"/>
    <property name="sun.cpu.endian" value="little"/>
    <property name="user.home" value="C:\Users\lukas"/>
    <property name="user.language" value="en"/>
    <property name="java.specification.vendor" value="Oracle Corporation"/>
    <property name="java.version.date" value="2023-10-17"/>
    <property name="java.home" value="C:\Program Files\Java\jdk-21"/>
    <property name="file.separator" value="\"/>
    <property name="basedir" value="C:\Users\lukas\Documents\Projects\PaymentForecast"/>
    <property name="java.vm.compressedOopsMode" value="Zero based"/>
    <property name="line.separator" value="&#10;"/>
    <property name="java.vm.specification.vendor" value="Oracle Corporation"/>
    <property name="java.specification.name" value="Java Platform API Specification"/>
    <property name="surefire.real.class.path" value="C:\Users\lukas\AppData\Local\Temp\surefire15729490123343967778\surefirebooter-20240426003128401_3.jar"/>
    <property name="user.script" value=""/>
    <property name="sun.management.compiler" value="HotSpot 64-Bit Tiered Compilers"/>
    <property name="java.runtime.version" value="21.0.1+12-LTS-29"/>
    <property name="user.name" value="lukas"/>
    <property name="stdout.encoding" value="Cp1252"/>
    <property name="path.separator" value=";"/>
    <property name="os.version" value="10.0"/>
    <property name="java.runtime.name" value="Java(TM) SE Runtime Environment"/>
    <property name="file.encoding" value="UTF-8"/>
    <property name="java.vm.name" value="Java HotSpot(TM) 64-Bit Server VM"/>
    <property name="localRepository" value="C:\Users\lukas\.m2\repository"/>
    <property name="java.vendor.url.bug" value="https://bugreport.java.com/bugreport/"/>
    <property name="java.io.tmpdir" value="C:\Users\lukas\AppData\Local\Temp\"/>
    <property name="java.version" value="21.0.1"/>
    <property name="user.dir" value="C:\Users\lukas\Documents\Projects\PaymentForecast"/>
    <property name="os.arch" value="amd64"/>
    <property name="java.vm.specification.name" value="Java Virtual Machine Specification"/>
    <property name="user.language.format" value="da"/>
    <property name="sun.os.patch.level" value=""/>
    <property name="native.encoding" value="Cp1252"/>
    <property name="java.library.path" value="C:\Program Files\Java\jdk-21\bin;C:\Windows\Sun\Java\bin;C:\Windows\system32;C:\Windows;C:\Program Files\Common Files\Oracle\Java\javapath;C:\Windows\system32;C:\Windows;C:\Windows\System32\Wbem;C:\Windows\System32\WindowsPowerShell\v1.0\;C:\Windows\System32\OpenSSH\;C:\Program Files (x86)\NVIDIA Corporation\PhysX\Common;C:\Program Files\NVIDIA Corporation\NVIDIA NvDLISR;C:\Program Files\Microsoft SQL Server\150\Tools\Binn\;C:\Program Files\Microsoft SQL Server\Client SDK\ODBC\170\Tools\Binn\;C:\Program Files\dotnet\;C:\Program Files\Git\cmd;C:\Program Files\apache-maven-3.9.6\bin;;C:\Program Files\Docker\Docker\resources\bin;C:\Program Files (x86)\Windows Kits\10\Windows Performance Toolkit\;C:\ProgramData\chocolatey\bin;C:\Program Files\nodejs\;C:\Users\lukas\fvm\default\bin;C:\Users\lukas\AppData\Local\Microsoft\WindowsApps;C:\Users\lukas\AppData\Local\Programs\Microsoft VS Code\bin;C:\Users\lukas\.dotnet\tools;C:\Users\lukas\dev\platform-tools;C:\tools\dart-sdk\bin;C:\Users\lukas\AppData\Local\Pub\Cache\bin;C:\Users\lukas\AppData\Roaming\npm;."/>
    <property name="java.vm.info" value="mixed mode, sharing"/>
    <property name="stderr.encoding" value="Cp1252"/>
    <property name="java.vendor" value="Oracle Corporation"/>
    <property name="java.vm.version" value="21.0.1+12-LTS-29"/>
    <property name="sun.io.unicode.encoding" value="UnicodeLittle"/>
    <property name="java.class.version" value="65.0"/>
  </properties>
  <testcase name="WeekDayWithBreakWithNightSupplementEarlyHours" classname="lukan.paymentforecast.TestsWorkDay" time="0.007"/>
  <testcase name="WeekDayWithBreakNightAndSenioritySupplementEarlyHours" classname="lukan.paymentforecast.TestsWorkDay" time="0.001"/>
  <testcase name="WeekDayWithoutBreakWithEveningSupplement" classname="lukan.paymentforecast.TestsWorkDay" time="0.0"/>
  <testcase name="WeekDayWithBreakEveningAndSenioritySupplement" classname="lukan.paymentforecast.TestsWorkDay" time="0.0"/>
  <testcase name="SaturdayWithoutBreakWithSundayAndSenioritySupplement" classname="lukan.paymentforecast.TestsWorkDay" time="0.001"/>
  <testcase name="HolidayDayWithoutBreakWithHolidayAndSenioritySupplement" classname="lukan.paymentforecast.TestsWorkDay" time="0.001"/>
  <testcase name="WeekDayWithoutBreakWithEveningAndSenioritySupplement" classname="lukan.paymentforecast.TestsWorkDay" time="0.003"/>
  <testcase name="WeekDayWithBreakNightAndSenioritySupplementLateHours" classname="lukan.paymentforecast.TestsWorkDay" time="0.002"/>
  <testcase name="SaturdayWithBreakSaturdayAndBonusSupplement" classname="lukan.paymentforecast.TestsWorkDay" time="0.001"/>
  <testcase name="WeekdayWithBreakSeniorityAndBonusSupplement" classname="lukan.paymentforecast.TestsWorkDay" time="0.001"/>
  <testcase name="WeekdayWithoutBreakWithBonusSupplement" classname="lukan.paymentforecast.TestsWorkDay" time="0.002"/>
  <testcase name="HolidayWithoutBreakWithHolidayAndExtraordinarySupplement" classname="lukan.paymentforecast.TestsWorkDay" time="0.001"/>
  <testcase name="HolidayWithoutBreakWithHolidayAndBonusSupplement" classname="lukan.paymentforecast.TestsWorkDay" time="0.001"/>
  <testcase name="WeekDayWithBreakAndNoSupplement" classname="lukan.paymentforecast.TestsWorkDay" time="0.001"/>
  <testcase name="WeekDayWithoutBreakWithNightAndSenioritySupplementEarlyHours" classname="lukan.paymentforecast.TestsWorkDay" time="0.001"/>
  <testcase name="WeekdayWithBreakAndBonusSupplement" classname="lukan.paymentforecast.TestsWorkDay" time="0.002"/>
  <testcase name="WeekDayWithoutBreakWithNightSupplementEarlyHours" classname="lukan.paymentforecast.TestsWorkDay" time="0.001"/>
  <testcase name="SaturdayWithoutBreakWithSaturdayAndExtraordinarySupplement" classname="lukan.paymentforecast.TestsWorkDay" time="0.002"/>
  <testcase name="WeekDayWithoutBreakWithNightSupplementLateHours" classname="lukan.paymentforecast.TestsWorkDay" time="0.001"/>
  <testcase name="SaturdayWithBreakAndSupplement" classname="lukan.paymentforecast.TestsWorkDay" time="0.001"/>
  <testcase name="SundayWithoutBreakWithSupplement" classname="lukan.paymentforecast.TestsWorkDay" time="0.002"/>
  <testcase name="WeekDayWithoutBreakWithSenioritySupplement" classname="lukan.paymentforecast.TestsWorkDay" time="0.001"/>
  <testcase name="SaturdayWithBreakAndSenioritySupplement" classname="lukan.paymentforecast.TestsWorkDay" time="0.0"/>
  <testcase name="SundayWithBreakSundayAndSenioritySupplementLateHours" classname="lukan.paymentforecast.TestsWorkDay" time="0.001"/>
  <testcase name="SundayWithBreakAndSupplement" classname="lukan.paymentforecast.TestsWorkDay" time="0.001"/>
  <testcase name="SaturdayWithoutBreakWithSupplement" classname="lukan.paymentforecast.TestsWorkDay" time="0.001"/>
  <testcase name="WeekDayWithoutBreakAndSupplement" classname="lukan.paymentforecast.TestsWorkDay" time="0.001"/>
  <testcase name="SundayWithoutBreakWithSundayAndSenioritySupplement" classname="lukan.paymentforecast.TestsWorkDay" time="0.001"/>
  <testcase name="WeekDayWithBreakAndEveningSupplement" classname="lukan.paymentforecast.TestsWorkDay" time="0.001"/>
  <testcase name="HoliayWithoutBreakWithHolidaySupplement" classname="lukan.paymentforecast.TestsWorkDay" time="0.001"/>
  <testcase name="WeekDayWithBreakAndSenioritySupplement" classname="lukan.paymentforecast.TestsWorkDay" time="0.001"/>
  <testcase name="WeekdayWithBreakWithExtraodinarySupplement" classname="lukan.paymentforecast.TestsWorkDay" time="0.001"/>
  <testcase name="SaturdayWithBreakSupplement" classname="lukan.paymentforecast.TestsWorkDay" time="0.001"/>
  <testcase name="WeekDayWithoutBreakWithBonusAndExtraordinarySupplement" classname="lukan.paymentforecast.TestsWorkDay" time="0.002"/>
  <testcase name="SundayWithBreakSundayAndSenioritySupplement" classname="lukan.paymentforecast.TestsWorkDay" time="0.001"/>
  <testcase name="WeekdayWithoutBreakWithExtraodinarySupplement" classname="lukan.paymentforecast.TestsWorkDay" time="0.001"/>
  <testcase name="SundayWithoutBreakWithSundayAndExtraordinarySupplement" classname="lukan.paymentforecast.TestsWorkDay" time="0.002"/>
  <testcase name="WeekDayWithoutBreakWithNightAndSenioritySupplementLateHours" classname="lukan.paymentforecast.TestsWorkDay" time="0.001"/>
  <testcase name="WeekDayWithBreakWithNightSupplementLateHours" classname="lukan.paymentforecast.TestsWorkDay" time="0.001"/>
  <testcase name="SundayWithBreakSundayAndBonusSupplement" classname="lukan.paymentforecast.TestsWorkDay" time="0.001"/>
</testsuite>